<?xml version="1.0" encoding="UTF-8"?>
<!-- Generated by org.testng.reporters.JUnitReportReporter -->
<testsuite hostname="DESKTOP-SB3HH80" failures="0" tests="1" name="test.Testcase_14" time="0.898" errors="0" timestamp="2024-12-21T10:59:46 IST" skipped="0">
  <testcase classname="test.Testcase_14" name="test14" time="0.898"/>
</testsuite> <!-- test.Testcase_14 -->
