<?xml version="1.0" encoding="UTF-8"?>
<!-- Generated by org.testng.reporters.JUnitReportReporter -->
<testsuite hostname="DESKTOP-SB3HH80" failures="0" tests="1" name="test.Testcase10" time="3.061" errors="0" timestamp="2024-12-13T20:27:50 IST" skipped="0">
  <testcase classname="test.Testcase10" name="testLimitedDeal" time="3.061"/>
</testsuite> <!-- test.Testcase10 -->
