<?xml version="1.0" encoding="UTF-8"?>
<!-- Generated by org.testng.reporters.JUnitReportReporter -->
<testsuite hostname="DESKTOP-SB3HH80" failures="0" tests="1" name="test.TestLogin" time="3.826" errors="0" timestamp="2024-11-23T11:58:11 IST" skipped="0">
  <testcase classname="test.TestLogin" name="testLogin" time="3.826"/>
</testsuite> <!-- test.TestLogin -->
