<?xml version="1.0" encoding="UTF-8"?>
<!-- Generated by org.testng.reporters.JUnitReportReporter -->
<testsuite hostname="DESKTOP-SB3HH80" failures="0" tests="1" name="test.Testcase11" time="46.853" errors="0" timestamp="2024-12-13T20:29:03 IST" skipped="0">
  <testcase classname="test.Testcase11" name="footer" time="46.853"/>
</testsuite> <!-- test.Testcase11 -->
