<?xml version="1.0" encoding="UTF-8"?>
<!-- Generated by org.testng.reporters.JUnitReportReporter -->
<testsuite hostname="DESKTOP-SB3HH80" failures="0" tests="1" name="test.Testcase3" time="1.356" errors="0" timestamp="2024-12-14T14:01:48 IST" skipped="0">
  <testcase classname="test.Testcase3" name="testCartPageTitle" time="1.356"/>
</testsuite> <!-- test.Testcase3 -->
